<?xml version="1.0" encoding="UTF-8"?>
<robot generator="Robot 5.0 (Python 3.10.2 on win32)" generated="20220413 14:05:42.107" rpa="false" schemaversion="3">
<suite id="s1" name="DDT" source="D:\Chaitu\Robot Framework\pythonProject\Training\testcases\DDT.robot">
<test id="s1-t1" name="TC_01_Verify Login fails with Invalid Creds" line="22">
<kw name="Start Browser" library="FAQ" type="SETUP">
<kw name="Open Browser" library="SeleniumLibrary">
<arg>${START_URL}</arg>
<arg>${BROWSER}</arg>
<doc>Opens a new browser instance to the optional ``url``.</doc>
<msg timestamp="20220413 14:05:43.326" level="INFO">Opening browser 'Chrome' to base url 'https://ovh.raybiztech.com/'.</msg>
<status status="PASS" starttime="20220413 14:05:43.326" endtime="20220413 14:06:40.526"/>
</kw>
<kw name="Maximize Browser Window" library="SeleniumLibrary">
<doc>Maximizes current browser window.</doc>
<status status="PASS" starttime="20220413 14:06:40.526" endtime="20220413 14:06:40.650"/>
</kw>
<kw name="Delete All Cookies" library="SeleniumLibrary">
<doc>Deletes all cookies.</doc>
<status status="PASS" starttime="20220413 14:06:40.650" endtime="20220413 14:06:40.655"/>
</kw>
<kw name="Sleep" library="BuiltIn">
<arg>2s</arg>
<doc>Pauses the test executed for the given time.</doc>
<msg timestamp="20220413 14:06:42.657" level="INFO">Slept 2 seconds</msg>
<status status="PASS" starttime="20220413 14:06:40.656" endtime="20220413 14:06:42.657"/>
</kw>
<status status="PASS" starttime="20220413 14:05:43.326" endtime="20220413 14:06:42.659"/>
</kw>
<kw name="Invalid Login Scenarios">
<arg>Test1</arg>
<arg>Test1</arg>
<arg>Incorrect username or password.
</arg>
<kw name="Input Text" library="SeleniumLibrary">
<arg>${TXTBOX_USERNAME}</arg>
<arg>${USER_NAME}</arg>
<doc>Types the given ``text`` into the text field identified by ``locator``.</doc>
<msg timestamp="20220413 14:06:42.660" level="INFO">Typing text 'Test1' into text field '//*[@id="bg-overlay"]/div/div[2]/div/div/div/form/div[1]/div/input'.</msg>
<status status="PASS" starttime="20220413 14:06:42.659" endtime="20220413 14:06:42.767"/>
</kw>
<kw name="Input Password" library="SeleniumLibrary">
<arg>${TXTBOX_PASSWORD}</arg>
<arg>${PASSWORD}</arg>
<doc>Types the given password into the text field identified by ``locator``.</doc>
<msg timestamp="20220413 14:06:42.768" level="INFO">Typing password into text field '//*[@id="bg-overlay"]/div/div[2]/div/div/div/form/div[2]/div/input'.</msg>
<msg timestamp="20220413 14:06:42.816" level="INFO">Temporally setting log level to: NONE</msg>
<msg timestamp="20220413 14:06:42.872" level="INFO">Log level changed from NONE to INFO.</msg>
<status status="PASS" starttime="20220413 14:06:42.767" endtime="20220413 14:06:42.872"/>
</kw>
<kw name="Click Button" library="SeleniumLibrary">
<arg>${BTN_LOGIN}</arg>
<doc>Clicks the button identified by ``locator``.</doc>
<msg timestamp="20220413 14:06:42.872" level="INFO">Clicking button 'login'.</msg>
<status status="PASS" starttime="20220413 14:06:42.872" endtime="20220413 14:06:42.960"/>
</kw>
<kw name="Sleep" library="BuiltIn">
<arg>2s</arg>
<doc>Pauses the test executed for the given time.</doc>
<msg timestamp="20220413 14:06:44.964" level="INFO">Slept 2 seconds</msg>
<status status="PASS" starttime="20220413 14:06:42.961" endtime="20220413 14:06:44.964"/>
</kw>
<kw name="Page Should Contain" library="SeleniumLibrary">
<arg>${TXT_ERROR}</arg>
<doc>Verifies that current page contains ``text``.</doc>
<msg timestamp="20220413 14:06:44.980" level="INFO">Current page contains text 'Incorrect username or password.
'.</msg>
<status status="PASS" starttime="20220413 14:06:44.964" endtime="20220413 14:06:44.980"/>
</kw>
<status status="PASS" starttime="20220413 14:06:42.659" endtime="20220413 14:06:44.980"/>
</kw>
<kw name="End browser" library="FAQ" type="TEARDOWN">
<kw name="Close Browser" library="SeleniumLibrary">
<doc>Closes the current browser.</doc>
<status status="PASS" starttime="20220413 14:06:44.981" endtime="20220413 14:06:48.747"/>
</kw>
<status status="PASS" starttime="20220413 14:06:44.980" endtime="20220413 14:06:48.747"/>
</kw>
<status status="PASS" starttime="20220413 14:05:43.324" endtime="20220413 14:06:48.747"/>
</test>
<errors>
</errors>
</robot>
